<?xml version="1.0" encoding="UTF-8"?>
<testng-results ignored="0" total="0" passed="0" failed="0" skipped="0">
  <reporter-output>
  </reporter-output>
  <suite started-at="2023-02-16T13:17:51 IST" name="Default suite" finished-at="2023-02-16T13:17:51 IST" duration-ms="748">
    <groups>
    </groups>
    <test started-at="2023-02-16T13:17:51 IST" name="Default test" finished-at="2023-02-16T13:17:51 IST" duration-ms="748">
      <class name="config.StartBrowser">
        <test-method is-config="true" signature="report()[pri:0, instance:config.StartBrowser@3e84448c]" started-at="2023-02-16T13:17:51 IST" name="report" finished-at="2023-02-16T13:17:51 IST" duration-ms="726" status="PASS">
          <reporter-output>
          </reporter-output>
        </test-method> <!-- report -->
      </class> <!-- config.StartBrowser -->
    </test> <!-- Default test -->
  </suite> <!-- Default suite -->
</testng-results>
